<?xml version="1.0" encoding="UTF-8"?>
<testng-results skipped="0" failed="0" ignored="0" total="1" passed="1">
  <reporter-output>
  </reporter-output>
  <suite name="Suite" duration-ms="18345" started-at="2019-02-26T06:31:52Z" finished-at="2019-02-26T06:32:11Z">
    <groups>
    </groups>
    <test name="Test" duration-ms="18345" started-at="2019-02-26T06:31:52Z" finished-at="2019-02-26T06:32:11Z">
      <class name="mvn.DemoA">
        <test-method status="PASS" signature="testA()[pri:0, instance:mvn.DemoA@21bcffb5]" name="testA" duration-ms="18272" started-at="2019-02-26T06:31:52Z" finished-at="2019-02-26T06:32:11Z">
          <reporter-output>
          </reporter-output>
        </test-method> <!-- testA -->
      </class> <!-- mvn.DemoA -->
    </test> <!-- Test -->
  </suite> <!-- Suite -->
</testng-results>
